<?xml version="1.0" encoding="UTF-8"?>
<!-- Generated by org.testng.reporters.JUnitXMLReporter -->
<testsuite hostname="MAHAVIGNESH" name="Test" tests="5" failures="0" timestamp="14 Oct 2019 10:18:48 GMT" time="0.11" errors="0">
  <testcase name="mvn1" time="0.036" classname="PP1.CC1"/>
  <testcase name="mvn2" time="0.006" classname="PP1.CC1"/>
  <testcase name="mvn3" time="0.005" classname="PP1.CC1"/>
  <testcase name="mvn4" time="0.003" classname="PP1.CC1"/>
  <testcase name="mvn5" time="0.005" classname="PP1.CC1"/>
</testsuite> <!-- Test -->
