<?xml version="1.0" encoding="UTF-8"?>
<!-- Generated by org.testng.reporters.JUnitXMLReporter -->
<testsuite hostname="MAHAVIGNESH" name="Default test" tests="4" failures="0" timestamp="14 Oct 2019 10:17:05 GMT" time="0.126" errors="0">
  <testcase name="mvn1" time="0.03" classname="PP1.CC1"/>
  <testcase name="mvn2" time="0.008" classname="PP1.CC1"/>
  <testcase name="mvn3" time="0.006" classname="PP1.CC1"/>
  <testcase name="mvn4" time="0.004" classname="PP1.CC1"/>
</testsuite> <!-- Default test -->
